Determining if the pthread_create exist failed with the following output:
Change Dir: /home/misham/MIRI/SV/3D/imebra_5_2_1_1/CMakeFiles/CMakeTmp

Run Build Command:"/usr/bin/make" "cmTC_b1f65/fast"
/usr/bin/make -f CMakeFiles/cmTC_b1f65.dir/build.make CMakeFiles/cmTC_b1f65.dir/build
make[1]: Entering directory '/home/misham/MIRI/SV/3D/imebra_5_2_1_1/CMakeFiles/CMakeTmp'
Building C object CMakeFiles/cmTC_b1f65.dir/CheckSymbolExists.c.o
/usr/bin/cc    -o CMakeFiles/cmTC_b1f65.dir/CheckSymbolExists.c.o   -c /home/misham/MIRI/SV/3D/imebra_5_2_1_1/CMakeFiles/CMakeTmp/CheckSymbolExists.c
Linking C executable cmTC_b1f65
/usr/bin/cmake -E cmake_link_script CMakeFiles/cmTC_b1f65.dir/link.txt --verbose=1
/usr/bin/cc      -rdynamic CMakeFiles/cmTC_b1f65.dir/CheckSymbolExists.c.o  -o cmTC_b1f65 
CMakeFiles/cmTC_b1f65.dir/CheckSymbolExists.c.o: In function `main':
CheckSymbolExists.c:(.text+0x1b): undefined reference to `pthread_create'
collect2: error: ld returned 1 exit status
CMakeFiles/cmTC_b1f65.dir/build.make:97: recipe for target 'cmTC_b1f65' failed
make[1]: *** [cmTC_b1f65] Error 1
make[1]: Leaving directory '/home/misham/MIRI/SV/3D/imebra_5_2_1_1/CMakeFiles/CMakeTmp'
Makefile:126: recipe for target 'cmTC_b1f65/fast' failed
make: *** [cmTC_b1f65/fast] Error 2

File /home/misham/MIRI/SV/3D/imebra_5_2_1_1/CMakeFiles/CMakeTmp/CheckSymbolExists.c:
/* */
#include <pthread.h>

int main(int argc, char** argv)
{
  (void)argv;
#ifndef pthread_create
  return ((int*)(&pthread_create))[argc];
#else
  (void)argc;
  return 0;
#endif
}

Determining if the function pthread_create exists in the pthreads failed with the following output:
Change Dir: /home/misham/MIRI/SV/3D/imebra_5_2_1_1/CMakeFiles/CMakeTmp

Run Build Command:"/usr/bin/make" "cmTC_d981d/fast"
/usr/bin/make -f CMakeFiles/cmTC_d981d.dir/build.make CMakeFiles/cmTC_d981d.dir/build
make[1]: Entering directory '/home/misham/MIRI/SV/3D/imebra_5_2_1_1/CMakeFiles/CMakeTmp'
Building C object CMakeFiles/cmTC_d981d.dir/CheckFunctionExists.c.o
/usr/bin/cc   -DCHECK_FUNCTION_EXISTS=pthread_create   -o CMakeFiles/cmTC_d981d.dir/CheckFunctionExists.c.o   -c /usr/share/cmake-3.10/Modules/CheckFunctionExists.c
Linking C executable cmTC_d981d
/usr/bin/cmake -E cmake_link_script CMakeFiles/cmTC_d981d.dir/link.txt --verbose=1
/usr/bin/cc  -DCHECK_FUNCTION_EXISTS=pthread_create    -rdynamic CMakeFiles/cmTC_d981d.dir/CheckFunctionExists.c.o  -o cmTC_d981d -lpthreads 
/usr/bin/ld: cannot find -lpthreads
collect2: error: ld returned 1 exit status
CMakeFiles/cmTC_d981d.dir/build.make:97: recipe for target 'cmTC_d981d' failed
make[1]: *** [cmTC_d981d] Error 1
make[1]: Leaving directory '/home/misham/MIRI/SV/3D/imebra_5_2_1_1/CMakeFiles/CMakeTmp'
Makefile:126: recipe for target 'cmTC_d981d/fast' failed
make: *** [cmTC_d981d/fast] Error 2


